<?xml version="1.0" encoding="UTF-8"?>
<!-- Generated by org.testng.reporters.JUnitReportReporter -->
<testsuite skipped="0" hostname="HP" name="Configuration.Toolqa_registration" tests="1" failures="0" timestamp="21 Jul 2018 07:28:58 GMT" time="28.501" errors="0">
  <testcase name="start_toolsQAregistration" time="28.501" classname="Configuration.Toolqa_registration"/>
</testsuite> <!-- Configuration.Toolqa_registration -->
