<?xml version="1.0" encoding="UTF-8"?>
<!-- Generated by org.testng.reporters.JUnitReportReporter -->
<testsuite skipped="0" hostname="HP" name="test" tests="1" failures="0" timestamp="21 Jul 2018 07:09:14 GMT" time="15.317" errors="0">
  <testcase name="Testrun" time="15.317" classname="test"/>
</testsuite> <!-- test -->
